<?xml version="1.0" encoding="UTF-8"?>
<testng-results skipped="0" failed="0" total="1" passed="1">
  <reporter-output>
  </reporter-output>
  <suite name="AWS  Regression Suite" duration-ms="4742" started-at="2022-06-06T07:55:49Z" finished-at="2022-06-06T07:55:53Z">
    <groups>
    </groups>
    <test name="AWS Test" duration-ms="4742" started-at="2022-06-06T07:55:49Z" finished-at="2022-06-06T07:55:53Z">
      <class name="Amazon_ec2_project.FirstTest">
        <test-method status="PASS" signature="OpenBrowser()[pri:0, instance:Amazon_ec2_project.FirstTest@4044fb95]" name="OpenBrowser" duration-ms="4543" started-at="2022-06-06T13:25:49Z" finished-at="2022-06-06T13:25:53Z">
          <reporter-output>
          </reporter-output>
        </test-method> <!-- OpenBrowser -->
      </class> <!-- Amazon_ec2_project.FirstTest -->
    </test> <!-- AWS Test -->
  </suite> <!-- AWS  Regression Suite -->
</testng-results>
